<?xml version="1.0" encoding="UTF-8"?>
<!-- Generated by org.testng.reporters.JUnitReportReporter -->
<testsuite skipped="0" hostname="HDC2-L-2CF7QQ2" name="testngPack.TestActions" tests="1" failures="0" timestamp="12 Mar 2019 04:15:52 GMT" time="12.639" errors="0">
  <testcase name="testActions" time="12.639" classname="testngPack.TestActions"/>
</testsuite> <!-- testngPack.TestActions -->
