<?xml version="1.0" encoding="UTF-8"?>
<!-- Generated by org.testng.reporters.JUnitReportReporter -->
<testsuite skipped="0" hostname="HDC2-L-2CF7QQ2" name="testngPack.WebTableData" tests="1" failures="0" timestamp="13 Mar 2019 09:09:25 GMT" time="8.939" errors="0">
  <testcase name="test" time="8.939" classname="testngPack.WebTableData"/>
</testsuite> <!-- testngPack.WebTableData -->
