<?xml version="1.0" encoding="UTF-8"?>
<!-- Generated by org.testng.reporters.JUnitReportReporter -->
<testsuite skipped="0" hostname="HDC2-L-2CF7QQ2" name="testngPack.TestScroll" tests="1" failures="0" timestamp="13 Mar 2019 09:13:11 GMT" time="9.826" errors="0">
  <testcase name="scrollPage" time="9.826" classname="testngPack.TestScroll"/>
</testsuite> <!-- testngPack.TestScroll -->
