<?xml version="1.0" encoding="UTF-8"?>
<!-- Generated by org.testng.reporters.JUnitReportReporter -->
<testsuite skipped="0" hostname="HDC2-L-2CF7QQ2" name="testngPack.KeyAction" tests="1" failures="0" timestamp="12 Mar 2019 04:27:22 GMT" time="278.242" errors="0">
  <testcase name="f" time="278.242" classname="testngPack.KeyAction"/>
</testsuite> <!-- testngPack.KeyAction -->
