<?xml version="1.0" encoding="UTF-8"?>
<!-- Generated by org.testng.reporters.JUnitReportReporter -->
<testsuite skipped="0" hostname="HDC2-L-2CF7QQ2" name="testngPack.TestScreenshot" tests="1" failures="0" timestamp="12 Mar 2019 09:07:57 GMT" time="8.453" errors="0">
  <testcase name="testActions" time="8.453" classname="testngPack.TestScreenshot"/>
</testsuite> <!-- testngPack.TestScreenshot -->
