<?xml version="1.0" encoding="UTF-8"?>
<!-- Generated by org.testng.reporters.JUnitReportReporter -->
<testsuite skipped="0" hostname="HDC2-L-2CF7QQ2" name="testngPack.TestCookies" tests="1" failures="0" timestamp="12 Mar 2019 06:37:51 GMT" time="6.872" errors="0">
  <testcase name="cookTest" time="6.872" classname="testngPack.TestCookies"/>
</testsuite> <!-- testngPack.TestCookies -->
