<?xml version="1.0" encoding="UTF-8"?>
<!-- Generated by org.testng.reporters.JUnitReportReporter -->
<testsuite skipped="0" hostname="HDC2-L-2CF7QQ2" name="testngPack.GridTest" tests="1" failures="0" timestamp="13 Mar 2019 05:54:57 GMT" time="18.011" errors="0">
  <testcase name="test" time="18.011" classname="testngPack.GridTest"/>
</testsuite> <!-- testngPack.GridTest -->
