<?xml version="1.0" encoding="UTF-8"?>
<!-- Generated by org.testng.reporters.JUnitReportReporter -->
<testsuite skipped="0" hostname="HDC2-L-2CF7QQ2" name="testingPage.ExeTest" tests="1" failures="0" timestamp="12 Mar 2019 08:48:51 GMT" time="8.284" errors="0">
  <testcase name="verifyLogin" time="8.284" classname="testingPage.ExeTest"/>
</testsuite> <!-- testingPage.ExeTest -->
